#
# There is insufficient memory for the Java Runtime Environment to continue.
# Native memory allocation (malloc) failed to allocate 32744 bytes for ChunkPool::allocate
# Possible reasons:
#   The system is out of physical RAM or swap space
#   The process is running with CompressedOops enabled, and the Java Heap may be blocking the growth of the native heap
# Possible solutions:
#   Reduce memory load on the system
#   Increase physical memory or swap space
#   Check if swap backing store is full
#   Decrease Java heap size (-Xmx/-Xms)
#   Decrease number of Java threads
#   Decrease Java thread stack sizes (-Xss)
#   Set larger code cache with -XX:ReservedCodeCacheSize=
#   JVM is running with Unscaled Compressed Oops mode in which the Java heap is
#     placed in the first 4GB address space. The Java Heap base address is the
#     maximum limit for the native heap growth. Please use -XX:HeapBaseMinAddress
#     to set the Java Heap base and to place the Java Heap above 4GB virtual address.
# This output file may be truncated or incomplete.
#
#  Out of Memory Error (allocation.cpp:273), pid=12744, tid=0x0000000000000be0
#
# JRE version: Java(TM) SE Runtime Environment (8.0_201-b09) (build 1.8.0_201-b09)
# Java VM: Java HotSpot(TM) 64-Bit Server VM (25.201-b09 mixed mode windows-amd64 compressed oops)
# Failed to write core dump. Minidumps are not enabled by default on client versions of Windows
#

---------------  T H R E A D  ---------------

Current thread (0x0000000002402800):  JavaThread "Forwarding newSession on session null to remote" [_thread_in_vm, id=3040, stack(0x0000000002300000,0x0000000002400000)]

Stack: [0x0000000002300000,0x0000000002400000]
[error occurred during error reporting (printing stack bounds), id 0xc0000005]

Native frames: (J=compiled Java code, j=interpreted, Vv=VM code, C=native code)

Java frames: (J=compiled Java code, j=interpreted, Vv=VM code)
J 1281  sun.misc.Unsafe.defineAnonymousClass(Ljava/lang/Class;[B[Ljava/lang/Object;)Ljava/lang/Class; (0 bytes) @ 0x000000000294977c [0x0000000002949700+0x7c]
j  java.lang.invoke.InnerClassLambdaMetafactory.spinInnerClass()Ljava/lang/Class;+511
j  java.lang.invoke.InnerClassLambdaMetafactory.buildCallSite()Ljava/lang/invoke/CallSite;+1
j  java.lang.invoke.LambdaMetafactory.metafactory(Ljava/lang/invoke/MethodHandles$Lookup;Ljava/lang/String;Ljava/lang/invoke/MethodType;Ljava/lang/invoke/MethodType;Ljava/lang/invoke/MethodHandle;Ljava/lang/invoke/MethodType;)Ljava/lang/invoke/CallSite;+31
j  java.lang.invoke.LambdaForm$DMH.invokeStatic_L6_L(Ljava/lang/Object;Ljava/lang/Object;Ljava/lang/Object;Ljava/lang/Object;Ljava/lang/Object;Ljava/lang/Object;Ljava/lang/Object;)Ljava/lang/Object;+20
j  java.lang.invoke.LambdaForm$BMH.reinvoke(Ljava/lang/Object;Ljava/lang/Object;Ljava/lang/Object;Ljava/lang/Object;Ljava/lang/Object;Ljava/lang/Object;Ljava/lang/Object;)Ljava/lang/Object;+85
j  java.lang.invoke.LambdaForm$MH.invoke_MT(Ljava/lang/Object;Ljava/lang/Object;Ljava/lang/Object;Ljava/lang/Object;Ljava/lang/Object;Ljava/lang/Object;Ljava/lang/Object;Ljava/lang/Object;)Ljava/lang/Object;+30
j  java.lang.invoke.CallSite.makeSite(Ljava/lang/invoke/MethodHandle;Ljava/lang/String;Ljava/lang/invoke/MethodType;Ljava/lang/Object;Ljava/lang/Class;)Ljava/lang/invoke/CallSite;+184
j  java.lang.invoke.MethodHandleNatives.linkCallSiteImpl(Ljava/lang/Class;Ljava/lang/invoke/MethodHandle;Ljava/lang/String;Ljava/lang/invoke/MethodType;Ljava/lang/Object;[Ljava/lang/Object;)Ljava/lang/invoke/MemberName;+6
j  java.lang.invoke.MethodHandleNatives.linkCallSite(Ljava/lang/Object;Ljava/lang/Object;Ljava/lang/Object;Ljava/lang/Object;Ljava/lang/Object;[Ljava/lang/Object;)Ljava/lang/invoke/MemberName;+45
v  ~StubRoutines::call_stub
j  java.util.stream.AbstractPipeline.spliterator()Ljava/util/Spliterator;+103
j  java.util.stream.Stream.concat(Ljava/util/stream/Stream;Ljava/util/stream/Stream;)Ljava/util/stream/Stream;+15
j  org.openqa.selenium.remote.NewSessionPayload.getW3C()Ljava/util/stream/Stream;+302
j  org.openqa.selenium.remote.NewSessionPayload.writeTo(Ljava/lang/Appendable;)V+264
j  org.openqa.selenium.remote.ProtocolHandshake.createSession(Lorg/openqa/selenium/remote/http/HttpClient;Lorg/openqa/selenium/remote/Command;)Lorg/openqa/selenium/remote/ProtocolHandshake$Result;+105
j  org.openqa.selenium.remote.HttpCommandExecutor.execute(Lorg/openqa/selenium/remote/Command;)Lorg/openqa/selenium/remote/Response;+122
j  org.openqa.selenium.remote.service.DriverCommandExecutor.execute(Lorg/openqa/selenium/remote/Command;)Lorg/openqa/selenium/remote/Response;+21
j  org.openqa.selenium.remote.RemoteWebDriver.execute(Ljava/lang/String;Ljava/util/Map;)Lorg/openqa/selenium/remote/Response;+74
j  org.openqa.selenium.remote.RemoteWebDriver.startSession(Lorg/openqa/selenium/Capabilities;)V+11
j  org.openqa.selenium.remote.RemoteWebDriver.<init>(Lorg/openqa/selenium/remote/CommandExecutor;Lorg/openqa/selenium/Capabilities;)V+65
j  org.openqa.selenium.firefox.FirefoxDriver.<init>(Lorg/openqa/selenium/firefox/FirefoxOptions;)V+9
j  org.openqa.selenium.firefox.FirefoxDriver.<init>()V+8
j  workwithlinks.FBLinks.main([Ljava/lang/String;)V+12
v  ~StubRoutines::call_stub

---------------  P R O C E S S  ---------------

Java Threads: ( => current thread )
  0x0000000016bb6800 JavaThread "ForkJoinPool.commonPool-worker-3" daemon [_thread_blocked, id=13908, stack(0x0000000017e70000,0x0000000017f70000)]
  0x0000000016bb5800 JavaThread "ForkJoinPool.commonPool-worker-2" daemon [_thread_blocked, id=3628, stack(0x0000000017d70000,0x0000000017e70000)]
  0x0000000016bb4800 JavaThread "ForkJoinPool.commonPool-worker-1" daemon [_thread_in_vm, id=8600, stack(0x0000000017c70000,0x0000000017d70000)]
  0x0000000014b3e000 JavaThread "Service Thread" daemon [_thread_blocked, id=12684, stack(0x0000000016830000,0x0000000016930000)]
  0x0000000016340800 JavaThread "C1 CompilerThread2" daemon [_thread_in_vm, id=5296, stack(0x0000000016730000,0x0000000016830000)]
  0x0000000014b0c000 JavaThread "C2 CompilerThread1" daemon [_thread_in_native, id=1976, stack(0x0000000016230000,0x0000000016330000)]
  0x0000000014ade800 JavaThread "C2 CompilerThread0" daemon [_thread_blocked, id=8828, stack(0x0000000016130000,0x0000000016230000)]
  0x0000000014adc800 JavaThread "Attach Listener" daemon [_thread_blocked, id=6160, stack(0x0000000016030000,0x0000000016130000)]
  0x0000000014adb800 JavaThread "Signal Dispatcher" daemon [_thread_blocked, id=13036, stack(0x0000000015f30000,0x0000000016030000)]
  0x0000000014aca800 JavaThread "Finalizer" daemon [_thread_blocked, id=4216, stack(0x0000000015d40000,0x0000000015e40000)]
  0x00000000024f2000 JavaThread "Reference Handler" daemon [_thread_blocked, id=1272, stack(0x0000000015c40000,0x0000000015d40000)]
=>0x0000000002402800 JavaThread "Forwarding newSession on session null to remote" [_thread_in_vm, id=3040, stack(0x0000000002300000,0x0000000002400000)]

Other Threads:
  0x0000000014aa8800 VMThread [stack: 0x0000000015b40000,0x0000000015c40000] [id=4224]
  0x000000001634d800 WatcherThread [stack: 0x0000000016930000,0x0000000016a30000] [id=12892]

VM state:not at safepoint (normal execution)

VM Mutex/Monitor currently owned by a thread: None

heap address: 0x00000000c1a00000, size: 998 MB, Compressed Oops mode: 32-bit
Narrow klass base: 0x0000000000000000, Narrow klass shift: 3
Compressed class space size: 1073741824 Address: 0x0000000100000000

Heap:
 PSYoungGen      total 18944K, used 16973K [0x00000000eb380000, 0x00000000ec880000, 0x0000000100000000)
  eden space 16384K, 88% used [0x00000000eb380000,0x00000000ec1975a0,0x00000000ec380000)
  from space 2560K, 99% used [0x00000000ec380000,0x00000000ec5fc010,0x00000000ec600000)
  to   space 2560K, 0% used [0x00000000ec600000,0x00000000ec600000,0x00000000ec880000)
 ParOldGen       total 44032K, used 1188K [0x00000000c1a00000, 0x00000000c4500000, 0x00000000eb380000)
  object space 44032K, 2% used [0x00000000c1a00000,0x00000000c1b29070,0x00000000c4500000)
 Metaspace       used 11490K, capacity 12156K, committed 12416K, reserved 1062912K
  class space    used 1451K, capacity 1642K, committed 1664K, reserved 1048576K

Card table byte_map: [0x00000000118c0000,0x0000000011ac0000] byte_map_base: 0x00000000112b3000

Marking Bits: (ParMarkBitMap*) 0x0000000053f14ce0
 Begin Bits: [0x0000000012010000, 0x0000000012fa8000)
 End Bits:   [0x0000000012fa8000, 0x0000000013f40000)

Polling page: 0x00000000001f0000

CodeCache: size=245760Kb used=4386Kb max_used=4404Kb free=241373Kb
 bounds [0x0000000002500000, 0x0000000002960000, 0x0000000011500000]
 total_blobs=1631 nmethods=1278 adapters=265
 compilation: enabled

Compilation events (10 events):
Event: 46.551 Thread 0x0000000016340800 1284       3       java.util.stream.ReferencePipeline$2$1::accept (27 bytes)
Event: 46.551 Thread 0x0000000016340800 nmethod 1284 0x000000000294bed0 code [0x000000000294c040, 0x000000000294c378]
Event: 46.554 Thread 0x0000000014ade800 1285       4       java.lang.ref.Reference::<init> (25 bytes)
Event: 46.555 Thread 0x0000000014ade800 nmethod 1285 0x0000000002913550 code [0x0000000002913680, 0x0000000002913718]
Event: 46.555 Thread 0x0000000016340800 1286       3       java.lang.Class::newReflectionData (74 bytes)
Event: 46.556 Thread 0x0000000016340800 nmethod 1286 0x000000000294e1d0 code [0x000000000294e3a0, 0x000000000294ed50]
Event: 46.655 Thread 0x0000000016340800 1287       3       java.lang.invoke.MethodHandle::setVarargs (38 bytes)
Event: 46.656 Thread 0x0000000016340800 nmethod 1287 0x000000000294d190 code [0x000000000294d380, 0x000000000294de28]
Event: 46.656 Thread 0x0000000016340800 1290       3       java.lang.invoke.TypeConvertingMethodAdapter::convertType (299 bytes)
Event: 46.668 Thread 0x0000000014b0c000 1294   !   4       org.openqa.selenium.json.Input::init (71 bytes)

GC Heap History (2 events):
Event: 20.087 GC heap before
{Heap before GC invocations=1 (full 0):
 PSYoungGen      total 18944K, used 16384K [0x00000000eb380000, 0x00000000ec880000, 0x0000000100000000)
  eden space 16384K, 100% used [0x00000000eb380000,0x00000000ec380000,0x00000000ec380000)
  from space 2560K, 0% used [0x00000000ec600000,0x00000000ec600000,0x00000000ec880000)
  to   space 2560K, 0% used [0x00000000ec380000,0x00000000ec380000,0x00000000ec600000)
 ParOldGen       total 44032K, used 0K [0x00000000c1a00000, 0x00000000c4500000, 0x00000000eb380000)
  object space 44032K, 0% used [0x00000000c1a00000,0x00000000c1a00000,0x00000000c4500000)
 Metaspace       used 8993K, capacity 9256K, committed 9472K, reserved 1056768K
  class space    used 1066K, capacity 1188K, committed 1280K, reserved 1048576K
Event: 20.199 GC heap after
Heap after GC invocations=1 (full 0):
 PSYoungGen      total 18944K, used 2544K [0x00000000eb380000, 0x00000000ec880000, 0x0000000100000000)
  eden space 16384K, 0% used [0x00000000eb380000,0x00000000eb380000,0x00000000ec380000)
  from space 2560K, 99% used [0x00000000ec380000,0x00000000ec5fc010,0x00000000ec600000)
  to   space 2560K, 0% used [0x00000000ec600000,0x00000000ec600000,0x00000000ec880000)
 ParOldGen       total 44032K, used 1188K [0x00000000c1a00000, 0x00000000c4500000, 0x00000000eb380000)
  object space 44032K, 2% used [0x00000000c1a00000,0x00000000c1b29070,0x00000000c4500000)
 Metaspace       used 8993K, capacity 9256K, committed 9472K, reserved 1056768K
  class space    used 1066K, capacity 1188K, committed 1280K, reserved 1048576K
}

Deoptimization events (10 events):
Event: 24.642 Thread 0x0000000002402800 Uncommon trap: reason=unstable_if action=reinterpret pc=0x000000000279f8dc method=java.lang.CharacterDataLatin1.digit(II)I @ 82
Event: 25.646 Thread 0x0000000002402800 Uncommon trap: reason=unstable_if action=reinterpret pc=0x0000000002754894 method=java.lang.CharacterDataLatin1.digit(II)I @ 82
Event: 44.686 Thread 0x0000000002402800 Uncommon trap: reason=unstable_if action=reinterpret pc=0x000000000284c220 method=java.util.Arrays.equals([B[B)Z @ 2
Event: 46.521 Thread 0x0000000002402800 Uncommon trap: reason=unstable_if action=reinterpret pc=0x000000000290a0f0 method=jdk.internal.org.objectweb.asm.Type.getArgumentsAndReturnSizes(Ljava/lang/String;)I @ 88
Event: 46.556 Thread 0x0000000002402800 Uncommon trap: reason=class_check action=maybe_recompile pc=0x0000000002874744 method=java.util.regex.Matcher.search(I)Z @ 86
Event: 46.556 Thread 0x0000000002402800 Uncommon trap: reason=class_check action=maybe_recompile pc=0x0000000002822824 method=java.util.regex.Pattern$Curly.match(Ljava/util/regex/Matcher;ILjava/lang/CharSequence;)Z @ 19
Event: 46.556 Thread 0x0000000002402800 Uncommon trap: reason=class_check action=maybe_recompile pc=0x0000000002874744 method=java.util.regex.Matcher.search(I)Z @ 86
Event: 46.557 Thread 0x0000000002402800 Uncommon trap: reason=class_check action=maybe_recompile pc=0x0000000002874744 method=java.util.regex.Matcher.search(I)Z @ 86
Event: 46.557 Thread 0x0000000002402800 Uncommon trap: reason=class_check action=maybe_recompile pc=0x0000000002874744 method=java.util.regex.Matcher.search(I)Z @ 86
Event: 46.654 Thread 0x0000000002402800 Uncommon trap: reason=class_check action=maybe_recompile pc=0x0000000002822824 method=java.util.regex.Pattern$Curly.match(Ljava/util/regex/Matcher;ILjava/lang/CharSequence;)Z @ 19

Classes redefined (0 events):
No events

Internal exceptions (10 events):
Event: 44.742 Thread 0x0000000002402800 Exception <a 'java/lang/IncompatibleClassChangeError': Found class java.lang.Object, but interface was expected> (0x00000000ebb77258) thrown at [C:\re\workspace\8-2-build-windows-amd64-cygwin\jdk8u201\12322\hotspot\src\share\vm\interpreter\linkResolver.cp
Event: 44.771 Thread 0x0000000002402800 Exception <a 'java/lang/NoSuchMethodError': java.lang.Object.lambda$or$2(Ljava/util/function/Predicate;Ljava/lang/Object;)Z> (0x00000000ebb85158) thrown at [C:\re\workspace\8-2-build-windows-amd64-cygwin\jdk8u201\12322\hotspot\src\share\vm\interpreter\lin
Event: 44.982 Thread 0x0000000002402800 Exception <a 'java/lang/ArrayIndexOutOfBoundsException': 18> (0x00000000ebbdc960) thrown at [C:\re\workspace\8-2-build-windows-amd64-cygwin\jdk8u201\12322\hotspot\src\share\vm\interpreter\interpreterRuntime.cpp, line 368]
Event: 44.983 Thread 0x0000000002402800 Exception <a 'java/lang/ArrayIndexOutOfBoundsException': 110> (0x00000000ebbddff8) thrown at [C:\re\workspace\8-2-build-windows-amd64-cygwin\jdk8u201\12322\hotspot\src\share\vm\interpreter\interpreterRuntime.cpp, line 368]
Event: 44.984 Thread 0x0000000002402800 Exception <a 'java/lang/ArrayIndexOutOfBoundsException'> (0x00000000ebbdf4b8) thrown at [C:\re\workspace\8-2-build-windows-amd64-cygwin\jdk8u201\12322\hotspot\src\share\vm\runtime\sharedRuntime.cpp, line 605]
Event: 45.009 Thread 0x0000000002402800 Exception <a 'java/lang/ArrayIndexOutOfBoundsException'> (0x00000000ebbe0878) thrown at [C:\re\workspace\8-2-build-windows-amd64-cygwin\jdk8u201\12322\hotspot\src\share\vm\runtime\sharedRuntime.cpp, line 605]
Event: 45.011 Thread 0x0000000002402800 Exception <a 'java/lang/ArrayIndexOutOfBoundsException'> (0x00000000ebbe1af0) thrown at [C:\re\workspace\8-2-build-windows-amd64-cygwin\jdk8u201\12322\hotspot\src\share\vm\runtime\sharedRuntime.cpp, line 605]
Event: 45.012 Thread 0x0000000002402800 Exception <a 'java/lang/ArrayIndexOutOfBoundsException'> (0x00000000ebbe6ea0) thrown at [C:\re\workspace\8-2-build-windows-amd64-cygwin\jdk8u201\12322\hotspot\src\share\vm\runtime\sharedRuntime.cpp, line 605]
Event: 45.013 Thread 0x0000000002402800 Exception <a 'java/lang/ArrayIndexOutOfBoundsException'> (0x00000000ebbeb728) thrown at [C:\re\workspace\8-2-build-windows-amd64-cygwin\jdk8u201\12322\hotspot\src\share\vm\runtime\sharedRuntime.cpp, line 605]
Event: 45.582 Thread 0x0000000002402800 Exception <a 'java/lang/NoSuchMethodError': java.lang.Object.lambda$chars$0()Ljava/util/Spliterator$OfInt;> (0x00000000ebdb1bf0) thrown at [C:\re\workspace\8-2-build-windows-amd64-cygwin\jdk8u201\12322\hotspot\src\share\vm\interpreter\linkResolver.cpp, li

Events (10 events):
Event: 46.655 Thread 0x0000000002402800 DEOPT PACKING pc=0x0000000002822824 sp=0x00000000023fdda0
Event: 46.655 Thread 0x0000000002402800 DEOPT UNPACKING pc=0x000000000254583b sp=0x00000000023fdd68 mode 2
Event: 46.665 loading class com/google/common/collect/ImmutableMap
Event: 46.665 loading class com/google/common/collect/ImmutableMap done
Event: 46.665 loading class org/openqa/selenium/remote/NewSessionPayload
Event: 46.665 loading class org/openqa/selenium/remote/NewSessionPayload done
Event: 46.668 loading class java/util/stream/Streams$ConcatSpliterator$OfRef
Event: 46.668 loading class java/util/stream/Streams$ConcatSpliterator
Event: 46.668 loading class java/util/stream/Streams$ConcatSpliterator done
Event: 46.668 loading class java/util/stream/Streams$ConcatSpliterator$OfRef done


Dynamic libraries:
0x00007ff7b6740000 - 0x00007ff7b6777000 	C:\Program Files\Java\jre1.8.0_201\bin\javaw.exe
0x00007ffaa8dd0000 - 0x00007ffaa8fb1000 	C:\WINDOWS\SYSTEM32\ntdll.dll
0x00007ffaa8ce0000 - 0x00007ffaa8d91000 	C:\WINDOWS\System32\KERNEL32.DLL
0x00007ffaa5c30000 - 0x00007ffaa5ea3000 	C:\WINDOWS\System32\KERNELBASE.dll
0x00007ffaa8760000 - 0x00007ffaa8801000 	C:\WINDOWS\System32\ADVAPI32.dll
0x00007ffaa6280000 - 0x00007ffaa631e000 	C:\WINDOWS\System32\msvcrt.dll
0x00007ffaa8810000 - 0x00007ffaa886b000 	C:\WINDOWS\System32\sechost.dll
0x00007ffaa8ac0000 - 0x00007ffaa8be4000 	C:\WINDOWS\System32\RPCRT4.dll
0x00007ffaa6530000 - 0x00007ffaa66c0000 	C:\WINDOWS\System32\USER32.dll
0x00007ffaa5eb0000 - 0x00007ffaa5ed0000 	C:\WINDOWS\System32\win32u.dll
0x00007ffaa81f0000 - 0x00007ffaa8218000 	C:\WINDOWS\System32\GDI32.dll
0x00007ffaa60c0000 - 0x00007ffaa6252000 	C:\WINDOWS\System32\gdi32full.dll
0x00007ffaa5b90000 - 0x00007ffaa5c2f000 	C:\WINDOWS\System32\msvcp_win.dll
0x00007ffaa58b0000 - 0x00007ffaa59a8000 	C:\WINDOWS\System32\ucrtbase.dll
0x00007ffa95ed0000 - 0x00007ffa96139000 	C:\WINDOWS\WinSxS\amd64_microsoft.windows.common-controls_6595b64144ccf1df_6.0.17134.706_none_fb43a2cb30647007\COMCTL32.dll
0x00007ffaa8220000 - 0x00007ffaa8542000 	C:\WINDOWS\System32\combase.dll
0x00007ffaa5a60000 - 0x00007ffaa5ada000 	C:\WINDOWS\System32\bcryptPrimitives.dll
0x00007ffaa8bf0000 - 0x00007ffaa8c1d000 	C:\WINDOWS\System32\IMM32.DLL
0x00000000551b0000 - 0x0000000055281000 	C:\Program Files\Java\jre1.8.0_201\bin\msvcr100.dll
0x00000000536f0000 - 0x0000000053f94000 	C:\Program Files\Java\jre1.8.0_201\bin\server\jvm.dll
0x00007ffaa6520000 - 0x00007ffaa6528000 	C:\WINDOWS\System32\PSAPI.DLL
0x00007ffa96b40000 - 0x00007ffa96b49000 	C:\WINDOWS\SYSTEM32\WSOCK32.dll
0x00007ffaa6c60000 - 0x00007ffaa6ccc000 	C:\WINDOWS\System32\WS2_32.dll
0x00007ffaa2c50000 - 0x00007ffaa2c73000 	C:\WINDOWS\SYSTEM32\WINMM.dll
0x00007ffa99ae0000 - 0x00007ffa99aea000 	C:\WINDOWS\SYSTEM32\VERSION.dll
0x00007ffaa2c20000 - 0x00007ffaa2c4a000 	C:\WINDOWS\SYSTEM32\WINMMBASE.dll
0x00007ffaa59b0000 - 0x00007ffaa59f9000 	C:\WINDOWS\System32\cfgmgr32.dll
0x00007ffa94100000 - 0x00007ffa9410f000 	C:\Program Files\Java\jre1.8.0_201\bin\verify.dll
0x00007ffa81690000 - 0x00007ffa816b9000 	C:\Program Files\Java\jre1.8.0_201\bin\java.dll
0x00007ffa81540000 - 0x00007ffa81556000 	C:\Program Files\Java\jre1.8.0_201\bin\zip.dll
0x00007ffaa6db0000 - 0x00007ffaa81f0000 	C:\WINDOWS\System32\SHELL32.dll
0x00007ffaa8870000 - 0x00007ffaa8919000 	C:\WINDOWS\System32\shcore.dll
0x00007ffaa51a0000 - 0x00007ffaa58ad000 	C:\WINDOWS\System32\windows.storage.dll
0x00007ffaa66c0000 - 0x00007ffaa6711000 	C:\WINDOWS\System32\shlwapi.dll
0x00007ffaa5180000 - 0x00007ffaa5191000 	C:\WINDOWS\System32\kernel.appcore.dll
0x00007ffaa50e0000 - 0x00007ffaa50ff000 	C:\WINDOWS\System32\profapi.dll
0x00007ffaa5100000 - 0x00007ffaa514c000 	C:\WINDOWS\System32\powrprof.dll
0x00007ffaa5170000 - 0x00007ffaa517a000 	C:\WINDOWS\System32\FLTLIB.DLL
0x00007ffa813e0000 - 0x00007ffa813fa000 	C:\Program Files\Java\jre1.8.0_201\bin\net.dll
0x00007ffa97240000 - 0x00007ffa97408000 	C:\WINDOWS\SYSTEM32\urlmon.dll
0x00007ffa97a40000 - 0x00007ffa97ce6000 	C:\WINDOWS\SYSTEM32\iertutil.dll
0x00007ffaa4b30000 - 0x00007ffaa4b3b000 	C:\WINDOWS\SYSTEM32\CRYPTBASE.DLL
0x00007ffaa4960000 - 0x00007ffaa49c6000 	C:\WINDOWS\system32\mswsock.dll
0x00007ffaa4720000 - 0x00007ffaa47de000 	C:\WINDOWS\SYSTEM32\DNSAPI.dll
0x00007ffaa6cd0000 - 0x00007ffaa6cd8000 	C:\WINDOWS\System32\NSI.dll
0x00007ffaa46e0000 - 0x00007ffaa4718000 	C:\WINDOWS\SYSTEM32\IPHLPAPI.DLL
0x00007ffa9a7a0000 - 0x00007ffa9a7aa000 	C:\Windows\System32\rasadhlp.dll
0x00007ffa99b50000 - 0x00007ffa99bc2000 	C:\WINDOWS\System32\fwpuclnt.dll
0x00007ffaa4c40000 - 0x00007ffaa4c65000 	C:\WINDOWS\SYSTEM32\bcrypt.dll
0x00007ffa82140000 - 0x00007ffa82164000 	C:\Program Files\Java\jre1.8.0_201\bin\sunec.dll
0x00007ffa8ee90000 - 0x00007ffa8ee9b000 	C:\Program Files\Java\jre1.8.0_201\bin\sunmscapi.dll
0x00007ffaa5ed0000 - 0x00007ffaa60b2000 	C:\WINDOWS\System32\CRYPT32.dll
0x00007ffaa5150000 - 0x00007ffaa5162000 	C:\WINDOWS\System32\MSASN1.dll
0x00007ffa9b910000 - 0x00007ffa9b926000 	C:\WINDOWS\SYSTEM32\dhcpcsvc6.DLL
0x00007ffa9ae70000 - 0x00007ffa9ae8a000 	C:\WINDOWS\SYSTEM32\dhcpcsvc.DLL
0x00007ffa813c0000 - 0x00007ffa813d1000 	C:\Program Files\Java\jre1.8.0_201\bin\nio.dll
0x00007ffaa4b10000 - 0x00007ffaa4b27000 	C:\WINDOWS\SYSTEM32\CRYPTSP.dll
0x00007ffaa4540000 - 0x00007ffaa4573000 	C:\WINDOWS\system32\rsaenh.dll
0x00007ffaa4fe0000 - 0x00007ffaa5008000 	C:\WINDOWS\SYSTEM32\USERENV.dll

VM Arguments:
jvm_args: -Dfile.encoding=Cp1252 
java_command: workwithlinks.FBLinks
java_class_path (initial): D:\JavaRS\FrameWorkTN\bin;C:\Users\SunkaraRam\.p2\pool\plugins\org.testng_6.14.2.r201802161450.jar;C:\Users\SunkaraRam\.p2\pool\plugins\com.beust.jcommander_1.72.0.jar;C:\Users\SunkaraRam\.p2\pool\plugins\org.apache-extras.beanshell.bsh_2.0.0.b6.jar;C:\Users\SunkaraRam\.p2\pool\plugins\org.yaml.snakeyaml_1.17.0.jar;D:\Selenium Subject\extentreports-4.0.9\extentreports-4.0.9.jar;D:\Selenium Subject\extentreports-4.0.9\dependency\bsh-2.0b4.jar;D:\Selenium Subject\extentreports-4.0.9\dependency\bson-3.3.0.jar;D:\Selenium Subject\extentreports-4.0.9\dependency\commons-codec-1.9.jar;D:\Selenium Subject\extentreports-4.0.9\dependency\commons-logging-1.2.jar;D:\Selenium Subject\extentreports-4.0.9\dependency\freemarker-2.3.23.jar;D:\Selenium Subject\extentreports-4.0.9\dependency\gson-2.8.5.jar;D:\Selenium Subject\extentreports-4.0.9\dependency\httpclient-4.5.2.jar;D:\Selenium Subject\extentreports-4.0.9\dependency\httpcore-4.4.4.jar;D:\Selenium Subject\extentreports-4.0.9\dependency\httpmime-4.5.2.jar;D:\Selenium Subject\extentreports-4.0.9\dependency\jcommander-1.48.jar;D:\Selenium Subject\extentreports-4.0.9\dependency\mongodb-driver-3.3.0.jar;D:\Selenium Subject\extentreports-4.0.9\dependency\mongodb-driver-core-3.3.0.jar;D:\Selenium Subject\extentreports-4.0.9\dependency\testng-6.9.10.jar;D:\Selenium Subject\selenium-server-standalone-3.141.59.jar
Launcher Type: SUN_STANDARD

Environment Variables:
PATH=C:/Program Files/Java/jre1.8.0_201/bin/server;C:/Program Files/Java/jre1.8.0_201/bin;C:/Program Files/Java/jre1.8.0_201/lib/amd64;"C:\Program Files (x86)\Common Files\Oracle\Java\javapath;D:\Maven\apache-maven-3.6.0\bin";C:\oraclexe\app\oracle\product\10.2.0\server\bin;C:\Users\SunkaraRam\AppData\Local\Programs\Python\Python36\Scripts\;C:\Users\SunkaraRam\AppData\Local\Programs\Python\Python36\;"C:\oraclexe\app\oracle\product\10.2.0\server\bin\;C:\Users\SunkaraRam\AppData\Local\Programs\Python\Python36";C:\WINDOWS\system32;C:\WINDOWS;C:\WINDOWS\System32\Wbem;C:\WINDOWS\System32\WindowsPowerShell\v1.0\;C:\Program Files\Java\jdk/bin;c:\Program Files (x86)\Microsoft SQL Server\100\Tools\Binn\;c:\Program Files\Microsoft SQL Server\100\Tools\Binn\;c:\Program Files\Microsoft SQL Server\100\DTS\Binn\;C:\WINDOWS\System32\OpenSSH\;C:\Users\SunkaraRam\AppData\Local\Programs\Python\Python36\Scripts\;C:\Users\SunkaraRam\AppData\Local\Programs\Python\Python36\;"C:\Users\SunkaraRam\AppData\Local\Programs\Python\Python36;C:\Users\SunkaraRam\AppData\Local\Programs\Python\Python36\Scripts";C:\Users\SunkaraRam\AppData\Local\Microsoft\WindowsApps;;C:\Users\SunkaraRam\Desktop;
USERNAME=SunkaraRam
OS=Windows_NT
PROCESSOR_IDENTIFIER=Intel64 Family 6 Model 78 Stepping 3, GenuineIntel



---------------  S Y S T E M  ---------------

OS: Windows 10.0 , 64 bit Build 17134 (10.0.17134.706)

CPU:total 4 (initial active 4) (2 cores per cpu, 2 threads per core) family 6 model 78 stepping 3, cmov, cx8, fxsr, mmx, sse, sse2, sse3, ssse3, sse4.1, sse4.2, popcnt, avx, avx2, aes, clmul, erms, 3dnowpref, lzcnt, ht, tsc, tscinvbit, bmi1, bmi2, adx

Memory: 4k page, physical 4082692k(309936k free), swap 9063428k(496k free)

vm_info: Java HotSpot(TM) 64-Bit Server VM (25.201-b09) for windows-amd64 JRE (1.8.0_201-b09), built on Dec 15 2018 18:36:39 by "java_re" with MS VC++ 10.0 (VS2010)

time: Tue Apr 23 15:38:18 2019
timezone: India Standard Time
elapsed time: 46 seconds (0d 0h 0m 46s)

